2024/06/07 16:13:12 [error] [exception.CDbException] CDbException: CDbConnection failed to open the DB connection: SQLSTATE[HY000] [2002] No such file or directory in /Users/salmanalfarissy/Documents/myproject/yii/yii-1.1.29/framework/db/CDbConnection.php:399
Stack trace:
#0 /Users/salmanalfarissy/Documents/myproject/yii/yii-1.1.29/framework/db/CDbConnection.php(347): CDbConnection->open()
#1 /Users/salmanalfarissy/Documents/myproject/yii/yii-1.1.29/framework/db/CDbConnection.php(325): CDbConnection->setActive(true)
#2 /Users/salmanalfarissy/Documents/myproject/yii/yii-1.1.29/framework/base/CModule.php(394): CDbConnection->init()
#3 /Users/salmanalfarissy/Documents/myproject/yii/yii-1.1.29/framework/base/CModule.php(103): CModule->getComponent('db')
#4 /Users/salmanalfarissy/Documents/myproject/yii/yii-1.1.29/framework/gii/generators/model/ModelCode.php(60): CModule->__get('db')
#5 /Users/salmanalfarissy/Documents/myproject/yii/yii-1.1.29/framework/web/CFormModel.php(39): ModelCode->init()
#6 /Users/salmanalfarissy/Documents/myproject/yii/yii-1.1.29/framework/gii/CCodeGenerator.php(153): CFormModel->__construct()
#7 /Users/salmanalfarissy/Documents/myproject/yii/yii-1.1.29/framework/gii/CCodeGenerator.php(63): CCodeGenerator->prepare()
#8 /Users/salmanalfarissy/Documents/myproject/yii/yii-1.1.29/framework/web/actions/CInlineAction.php(49): CCodeGenerator->actionIndex()
#9 /Users/salmanalfarissy/Documents/myproject/yii/yii-1.1.29/framework/web/CController.php(308): CInlineAction->runWithParams(Array)
#10 /Users/salmanalfarissy/Documents/myproject/yii/yii-1.1.29/framework/web/CController.php(286): CController->runAction(Object(CInlineAction))
#11 /Users/salmanalfarissy/Documents/myproject/yii/yii-1.1.29/framework/web/CController.php(265): CController->runActionWithFilters(Object(CInlineAction), Array)
#12 /Users/salmanalfarissy/Documents/myproject/yii/yii-1.1.29/framework/web/CWebApplication.php(282): CController->run('index')
#13 /Users/salmanalfarissy/Documents/myproject/yii/yii-1.1.29/framework/web/CWebApplication.php(141): CWebApplication->runController('gii/model/index')
#14 /Users/salmanalfarissy/Documents/myproject/yii/yii-1.1.29/framework/base/CApplication.php(185): CWebApplication->processRequest()
#15 /Users/salmanalfarissy/Documents/myproject/yii/e-klinik/index.php(13): CApplication->run()
#16 {main}
REQUEST_URI=/index.php?r=gii/model/index
HTTP_REFERER=http://localhost:8080/index.php?r=gii/model/index
---
2024/06/07 16:13:24 [error] [exception.CDbException] CDbException: CDbConnection failed to open the DB connection: SQLSTATE[HY000] [2002] No such file or directory in /Users/salmanalfarissy/Documents/myproject/yii/yii-1.1.29/framework/db/CDbConnection.php:399
Stack trace:
#0 /Users/salmanalfarissy/Documents/myproject/yii/yii-1.1.29/framework/db/CDbConnection.php(347): CDbConnection->open()
#1 /Users/salmanalfarissy/Documents/myproject/yii/yii-1.1.29/framework/db/CDbConnection.php(325): CDbConnection->setActive(true)
#2 /Users/salmanalfarissy/Documents/myproject/yii/yii-1.1.29/framework/base/CModule.php(394): CDbConnection->init()
#3 /Users/salmanalfarissy/Documents/myproject/yii/yii-1.1.29/framework/base/CModule.php(103): CModule->getComponent('db')
#4 /Users/salmanalfarissy/Documents/myproject/yii/yii-1.1.29/framework/gii/generators/model/ModelCode.php(60): CModule->__get('db')
#5 /Users/salmanalfarissy/Documents/myproject/yii/yii-1.1.29/framework/web/CFormModel.php(39): ModelCode->init()
#6 /Users/salmanalfarissy/Documents/myproject/yii/yii-1.1.29/framework/gii/CCodeGenerator.php(153): CFormModel->__construct()
#7 /Users/salmanalfarissy/Documents/myproject/yii/yii-1.1.29/framework/gii/CCodeGenerator.php(63): CCodeGenerator->prepare()
#8 /Users/salmanalfarissy/Documents/myproject/yii/yii-1.1.29/framework/web/actions/CInlineAction.php(49): CCodeGenerator->actionIndex()
#9 /Users/salmanalfarissy/Documents/myproject/yii/yii-1.1.29/framework/web/CController.php(308): CInlineAction->runWithParams(Array)
#10 /Users/salmanalfarissy/Documents/myproject/yii/yii-1.1.29/framework/web/CController.php(286): CController->runAction(Object(CInlineAction))
#11 /Users/salmanalfarissy/Documents/myproject/yii/yii-1.1.29/framework/web/CController.php(265): CController->runActionWithFilters(Object(CInlineAction), Array)
#12 /Users/salmanalfarissy/Documents/myproject/yii/yii-1.1.29/framework/web/CWebApplication.php(282): CController->run('index')
#13 /Users/salmanalfarissy/Documents/myproject/yii/yii-1.1.29/framework/web/CWebApplication.php(141): CWebApplication->runController('gii/model/index')
#14 /Users/salmanalfarissy/Documents/myproject/yii/yii-1.1.29/framework/base/CApplication.php(185): CWebApplication->processRequest()
#15 /Users/salmanalfarissy/Documents/myproject/yii/e-klinik/index.php(13): CApplication->run()
#16 {main}
REQUEST_URI=/index.php?r=gii/model/index
---
2024/06/07 16:14:40 [error] [exception.CDbException] CDbException: CDbConnection failed to open the DB connection: SQLSTATE[HY000] [2002] No such file or directory in /Users/salmanalfarissy/Documents/myproject/yii/yii-1.1.29/framework/db/CDbConnection.php:399
Stack trace:
#0 /Users/salmanalfarissy/Documents/myproject/yii/yii-1.1.29/framework/db/CDbConnection.php(347): CDbConnection->open()
#1 /Users/salmanalfarissy/Documents/myproject/yii/yii-1.1.29/framework/db/CDbConnection.php(325): CDbConnection->setActive(true)
#2 /Users/salmanalfarissy/Documents/myproject/yii/yii-1.1.29/framework/base/CModule.php(394): CDbConnection->init()
#3 /Users/salmanalfarissy/Documents/myproject/yii/yii-1.1.29/framework/base/CModule.php(103): CModule->getComponent('db')
#4 /Users/salmanalfarissy/Documents/myproject/yii/yii-1.1.29/framework/gii/generators/model/ModelCode.php(60): CModule->__get('db')
#5 /Users/salmanalfarissy/Documents/myproject/yii/yii-1.1.29/framework/web/CFormModel.php(39): ModelCode->init()
#6 /Users/salmanalfarissy/Documents/myproject/yii/yii-1.1.29/framework/gii/CCodeGenerator.php(153): CFormModel->__construct()
#7 /Users/salmanalfarissy/Documents/myproject/yii/yii-1.1.29/framework/gii/CCodeGenerator.php(63): CCodeGenerator->prepare()
#8 /Users/salmanalfarissy/Documents/myproject/yii/yii-1.1.29/framework/web/actions/CInlineAction.php(49): CCodeGenerator->actionIndex()
#9 /Users/salmanalfarissy/Documents/myproject/yii/yii-1.1.29/framework/web/CController.php(308): CInlineAction->runWithParams(Array)
#10 /Users/salmanalfarissy/Documents/myproject/yii/yii-1.1.29/framework/web/CController.php(286): CController->runAction(Object(CInlineAction))
#11 /Users/salmanalfarissy/Documents/myproject/yii/yii-1.1.29/framework/web/CController.php(265): CController->runActionWithFilters(Object(CInlineAction), Array)
#12 /Users/salmanalfarissy/Documents/myproject/yii/yii-1.1.29/framework/web/CWebApplication.php(282): CController->run('index')
#13 /Users/salmanalfarissy/Documents/myproject/yii/yii-1.1.29/framework/web/CWebApplication.php(141): CWebApplication->runController('gii/model/index')
#14 /Users/salmanalfarissy/Documents/myproject/yii/yii-1.1.29/framework/base/CApplication.php(185): CWebApplication->processRequest()
#15 /Users/salmanalfarissy/Documents/myproject/yii/e-klinik/index.php(13): CApplication->run()
#16 {main}
REQUEST_URI=/index.php?r=gii/model/index
---
2024/06/07 16:18:00 [error] [exception.CDbException] CDbException: CDbConnection failed to open the DB connection: SQLSTATE[HY000] [2002] No such file or directory in /Users/salmanalfarissy/Documents/myproject/yii/yii-1.1.29/framework/db/CDbConnection.php:399
Stack trace:
#0 /Users/salmanalfarissy/Documents/myproject/yii/yii-1.1.29/framework/db/CDbConnection.php(347): CDbConnection->open()
#1 /Users/salmanalfarissy/Documents/myproject/yii/yii-1.1.29/framework/db/CDbConnection.php(325): CDbConnection->setActive(true)
#2 /Users/salmanalfarissy/Documents/myproject/yii/yii-1.1.29/framework/base/CModule.php(394): CDbConnection->init()
#3 /Users/salmanalfarissy/Documents/myproject/yii/yii-1.1.29/framework/base/CModule.php(103): CModule->getComponent('db')
#4 /Users/salmanalfarissy/Documents/myproject/yii/yii-1.1.29/framework/gii/generators/model/ModelCode.php(60): CModule->__get('db')
#5 /Users/salmanalfarissy/Documents/myproject/yii/yii-1.1.29/framework/web/CFormModel.php(39): ModelCode->init()
#6 /Users/salmanalfarissy/Documents/myproject/yii/yii-1.1.29/framework/gii/CCodeGenerator.php(153): CFormModel->__construct()
#7 /Users/salmanalfarissy/Documents/myproject/yii/yii-1.1.29/framework/gii/CCodeGenerator.php(63): CCodeGenerator->prepare()
#8 /Users/salmanalfarissy/Documents/myproject/yii/yii-1.1.29/framework/web/actions/CInlineAction.php(49): CCodeGenerator->actionIndex()
#9 /Users/salmanalfarissy/Documents/myproject/yii/yii-1.1.29/framework/web/CController.php(308): CInlineAction->runWithParams(Array)
#10 /Users/salmanalfarissy/Documents/myproject/yii/yii-1.1.29/framework/web/CController.php(286): CController->runAction(Object(CInlineAction))
#11 /Users/salmanalfarissy/Documents/myproject/yii/yii-1.1.29/framework/web/CController.php(265): CController->runActionWithFilters(Object(CInlineAction), Array)
#12 /Users/salmanalfarissy/Documents/myproject/yii/yii-1.1.29/framework/web/CWebApplication.php(282): CController->run('index')
#13 /Users/salmanalfarissy/Documents/myproject/yii/yii-1.1.29/framework/web/CWebApplication.php(141): CWebApplication->runController('gii/model/index')
#14 /Users/salmanalfarissy/Documents/myproject/yii/yii-1.1.29/framework/base/CApplication.php(185): CWebApplication->processRequest()
#15 /Users/salmanalfarissy/Documents/myproject/yii/e-klinik/index.php(13): CApplication->run()
#16 {main}
REQUEST_URI=/index.php?r=gii/model/index
---
2024/06/07 16:19:59 [error] [exception.CDbException] CDbException: CDbConnection failed to open the DB connection: SQLSTATE[HY000] [2002] No such file or directory in /Users/salmanalfarissy/Documents/myproject/yii/yii-1.1.29/framework/db/CDbConnection.php:399
Stack trace:
#0 /Users/salmanalfarissy/Documents/myproject/yii/yii-1.1.29/framework/db/CDbConnection.php(347): CDbConnection->open()
#1 /Users/salmanalfarissy/Documents/myproject/yii/yii-1.1.29/framework/db/CDbConnection.php(325): CDbConnection->setActive(true)
#2 /Users/salmanalfarissy/Documents/myproject/yii/yii-1.1.29/framework/base/CModule.php(394): CDbConnection->init()
#3 /Users/salmanalfarissy/Documents/myproject/yii/yii-1.1.29/framework/base/CModule.php(103): CModule->getComponent('db')
#4 /Users/salmanalfarissy/Documents/myproject/yii/yii-1.1.29/framework/gii/generators/model/ModelCode.php(60): CModule->__get('db')
#5 /Users/salmanalfarissy/Documents/myproject/yii/yii-1.1.29/framework/web/CFormModel.php(39): ModelCode->init()
#6 /Users/salmanalfarissy/Documents/myproject/yii/yii-1.1.29/framework/gii/CCodeGenerator.php(153): CFormModel->__construct()
#7 /Users/salmanalfarissy/Documents/myproject/yii/yii-1.1.29/framework/gii/CCodeGenerator.php(63): CCodeGenerator->prepare()
#8 /Users/salmanalfarissy/Documents/myproject/yii/yii-1.1.29/framework/web/actions/CInlineAction.php(49): CCodeGenerator->actionIndex()
#9 /Users/salmanalfarissy/Documents/myproject/yii/yii-1.1.29/framework/web/CController.php(308): CInlineAction->runWithParams(Array)
#10 /Users/salmanalfarissy/Documents/myproject/yii/yii-1.1.29/framework/web/CController.php(286): CController->runAction(Object(CInlineAction))
#11 /Users/salmanalfarissy/Documents/myproject/yii/yii-1.1.29/framework/web/CController.php(265): CController->runActionWithFilters(Object(CInlineAction), Array)
#12 /Users/salmanalfarissy/Documents/myproject/yii/yii-1.1.29/framework/web/CWebApplication.php(282): CController->run('index')
#13 /Users/salmanalfarissy/Documents/myproject/yii/yii-1.1.29/framework/web/CWebApplication.php(141): CWebApplication->runController('gii/model/index')
#14 /Users/salmanalfarissy/Documents/myproject/yii/yii-1.1.29/framework/base/CApplication.php(185): CWebApplication->processRequest()
#15 /Users/salmanalfarissy/Documents/myproject/yii/e-klinik/index.php(13): CApplication->run()
#16 {main}
REQUEST_URI=/index.php?r=gii/model/index
---
2024/06/07 16:20:25 [error] [exception.CDbException] CDbException: CDbConnection failed to open the DB connection: SQLSTATE[HY000] [2002] No such file or directory in /Users/salmanalfarissy/Documents/myproject/yii/yii-1.1.29/framework/db/CDbConnection.php:399
Stack trace:
#0 /Users/salmanalfarissy/Documents/myproject/yii/yii-1.1.29/framework/db/CDbConnection.php(347): CDbConnection->open()
#1 /Users/salmanalfarissy/Documents/myproject/yii/yii-1.1.29/framework/db/CDbConnection.php(325): CDbConnection->setActive(true)
#2 /Users/salmanalfarissy/Documents/myproject/yii/yii-1.1.29/framework/base/CModule.php(394): CDbConnection->init()
#3 /Users/salmanalfarissy/Documents/myproject/yii/yii-1.1.29/framework/base/CModule.php(103): CModule->getComponent('db')
#4 /Users/salmanalfarissy/Documents/myproject/yii/yii-1.1.29/framework/gii/generators/model/ModelCode.php(60): CModule->__get('db')
#5 /Users/salmanalfarissy/Documents/myproject/yii/yii-1.1.29/framework/web/CFormModel.php(39): ModelCode->init()
#6 /Users/salmanalfarissy/Documents/myproject/yii/yii-1.1.29/framework/gii/CCodeGenerator.php(153): CFormModel->__construct()
#7 /Users/salmanalfarissy/Documents/myproject/yii/yii-1.1.29/framework/gii/CCodeGenerator.php(63): CCodeGenerator->prepare()
#8 /Users/salmanalfarissy/Documents/myproject/yii/yii-1.1.29/framework/web/actions/CInlineAction.php(49): CCodeGenerator->actionIndex()
#9 /Users/salmanalfarissy/Documents/myproject/yii/yii-1.1.29/framework/web/CController.php(308): CInlineAction->runWithParams(Array)
#10 /Users/salmanalfarissy/Documents/myproject/yii/yii-1.1.29/framework/web/CController.php(286): CController->runAction(Object(CInlineAction))
#11 /Users/salmanalfarissy/Documents/myproject/yii/yii-1.1.29/framework/web/CController.php(265): CController->runActionWithFilters(Object(CInlineAction), Array)
#12 /Users/salmanalfarissy/Documents/myproject/yii/yii-1.1.29/framework/web/CWebApplication.php(282): CController->run('index')
#13 /Users/salmanalfarissy/Documents/myproject/yii/yii-1.1.29/framework/web/CWebApplication.php(141): CWebApplication->runController('gii/model/index')
#14 /Users/salmanalfarissy/Documents/myproject/yii/yii-1.1.29/framework/base/CApplication.php(185): CWebApplication->processRequest()
#15 /Users/salmanalfarissy/Documents/myproject/yii/e-klinik/index.php(13): CApplication->run()
#16 {main}
REQUEST_URI=/index.php?r=gii/model/index
HTTP_REFERER=http://localhost:8080/index.php?r=gii/module/index
---
2024/06/07 16:20:32 [error] [exception.CDbException] CDbException: CDbConnection failed to open the DB connection: SQLSTATE[HY000] [2002] No such file or directory in /Users/salmanalfarissy/Documents/myproject/yii/yii-1.1.29/framework/db/CDbConnection.php:399
Stack trace:
#0 /Users/salmanalfarissy/Documents/myproject/yii/yii-1.1.29/framework/db/CDbConnection.php(347): CDbConnection->open()
#1 /Users/salmanalfarissy/Documents/myproject/yii/yii-1.1.29/framework/db/CDbConnection.php(325): CDbConnection->setActive(true)
#2 /Users/salmanalfarissy/Documents/myproject/yii/yii-1.1.29/framework/base/CModule.php(394): CDbConnection->init()
#3 /Users/salmanalfarissy/Documents/myproject/yii/yii-1.1.29/framework/base/CModule.php(103): CModule->getComponent('db')
#4 /Users/salmanalfarissy/Documents/myproject/yii/yii-1.1.29/framework/gii/generators/model/ModelCode.php(60): CModule->__get('db')
#5 /Users/salmanalfarissy/Documents/myproject/yii/yii-1.1.29/framework/web/CFormModel.php(39): ModelCode->init()
#6 /Users/salmanalfarissy/Documents/myproject/yii/yii-1.1.29/framework/gii/CCodeGenerator.php(153): CFormModel->__construct()
#7 /Users/salmanalfarissy/Documents/myproject/yii/yii-1.1.29/framework/gii/CCodeGenerator.php(63): CCodeGenerator->prepare()
#8 /Users/salmanalfarissy/Documents/myproject/yii/yii-1.1.29/framework/web/actions/CInlineAction.php(49): CCodeGenerator->actionIndex()
#9 /Users/salmanalfarissy/Documents/myproject/yii/yii-1.1.29/framework/web/CController.php(308): CInlineAction->runWithParams(Array)
#10 /Users/salmanalfarissy/Documents/myproject/yii/yii-1.1.29/framework/web/CController.php(286): CController->runAction(Object(CInlineAction))
#11 /Users/salmanalfarissy/Documents/myproject/yii/yii-1.1.29/framework/web/CController.php(265): CController->runActionWithFilters(Object(CInlineAction), Array)
#12 /Users/salmanalfarissy/Documents/myproject/yii/yii-1.1.29/framework/web/CWebApplication.php(282): CController->run('index')
#13 /Users/salmanalfarissy/Documents/myproject/yii/yii-1.1.29/framework/web/CWebApplication.php(141): CWebApplication->runController('gii/model/index')
#14 /Users/salmanalfarissy/Documents/myproject/yii/yii-1.1.29/framework/base/CApplication.php(185): CWebApplication->processRequest()
#15 /Users/salmanalfarissy/Documents/myproject/yii/e-klinik/index.php(13): CApplication->run()
#16 {main}
REQUEST_URI=/index.php?r=gii/model/index
---
2024/06/07 16:23:49 [error] [exception.CDbException] CDbException: CDbConnection failed to open the DB connection: SQLSTATE[HY000] [2002] No such file or directory in /Users/salmanalfarissy/Documents/myproject/yii/yii-1.1.29/framework/db/CDbConnection.php:399
Stack trace:
#0 /Users/salmanalfarissy/Documents/myproject/yii/yii-1.1.29/framework/db/CDbConnection.php(347): CDbConnection->open()
#1 /Users/salmanalfarissy/Documents/myproject/yii/yii-1.1.29/framework/db/CDbConnection.php(325): CDbConnection->setActive(true)
#2 /Users/salmanalfarissy/Documents/myproject/yii/yii-1.1.29/framework/base/CModule.php(394): CDbConnection->init()
#3 /Users/salmanalfarissy/Documents/myproject/yii/yii-1.1.29/framework/base/CModule.php(103): CModule->getComponent('db')
#4 /Users/salmanalfarissy/Documents/myproject/yii/yii-1.1.29/framework/gii/generators/model/ModelCode.php(60): CModule->__get('db')
#5 /Users/salmanalfarissy/Documents/myproject/yii/yii-1.1.29/framework/web/CFormModel.php(39): ModelCode->init()
#6 /Users/salmanalfarissy/Documents/myproject/yii/yii-1.1.29/framework/gii/CCodeGenerator.php(153): CFormModel->__construct()
#7 /Users/salmanalfarissy/Documents/myproject/yii/yii-1.1.29/framework/gii/CCodeGenerator.php(63): CCodeGenerator->prepare()
#8 /Users/salmanalfarissy/Documents/myproject/yii/yii-1.1.29/framework/web/actions/CInlineAction.php(49): CCodeGenerator->actionIndex()
#9 /Users/salmanalfarissy/Documents/myproject/yii/yii-1.1.29/framework/web/CController.php(308): CInlineAction->runWithParams(Array)
#10 /Users/salmanalfarissy/Documents/myproject/yii/yii-1.1.29/framework/web/CController.php(286): CController->runAction(Object(CInlineAction))
#11 /Users/salmanalfarissy/Documents/myproject/yii/yii-1.1.29/framework/web/CController.php(265): CController->runActionWithFilters(Object(CInlineAction), Array)
#12 /Users/salmanalfarissy/Documents/myproject/yii/yii-1.1.29/framework/web/CWebApplication.php(282): CController->run('index')
#13 /Users/salmanalfarissy/Documents/myproject/yii/yii-1.1.29/framework/web/CWebApplication.php(141): CWebApplication->runController('gii/model/index')
#14 /Users/salmanalfarissy/Documents/myproject/yii/yii-1.1.29/framework/base/CApplication.php(185): CWebApplication->processRequest()
#15 /Users/salmanalfarissy/Documents/myproject/yii/e-klinik/index.php(13): CApplication->run()
#16 {main}
REQUEST_URI=/index.php?r=gii/model/index
---
2024/06/07 16:27:59 [error] [exception.CDbException] CDbException: CDbConnection failed to open the DB connection: SQLSTATE[HY000] [2002] No such file or directory in /Users/salmanalfarissy/Documents/myproject/yii/yii-1.1.29/framework/db/CDbConnection.php:399
Stack trace:
#0 /Users/salmanalfarissy/Documents/myproject/yii/yii-1.1.29/framework/db/CDbConnection.php(347): CDbConnection->open()
#1 /Users/salmanalfarissy/Documents/myproject/yii/yii-1.1.29/framework/db/CDbConnection.php(325): CDbConnection->setActive(true)
#2 /Users/salmanalfarissy/Documents/myproject/yii/yii-1.1.29/framework/base/CModule.php(394): CDbConnection->init()
#3 /Users/salmanalfarissy/Documents/myproject/yii/yii-1.1.29/framework/base/CModule.php(103): CModule->getComponent('db')
#4 /Users/salmanalfarissy/Documents/myproject/yii/yii-1.1.29/framework/gii/generators/model/ModelCode.php(60): CModule->__get('db')
#5 /Users/salmanalfarissy/Documents/myproject/yii/yii-1.1.29/framework/web/CFormModel.php(39): ModelCode->init()
#6 /Users/salmanalfarissy/Documents/myproject/yii/yii-1.1.29/framework/gii/CCodeGenerator.php(153): CFormModel->__construct()
#7 /Users/salmanalfarissy/Documents/myproject/yii/yii-1.1.29/framework/gii/CCodeGenerator.php(63): CCodeGenerator->prepare()
#8 /Users/salmanalfarissy/Documents/myproject/yii/yii-1.1.29/framework/web/actions/CInlineAction.php(49): CCodeGenerator->actionIndex()
#9 /Users/salmanalfarissy/Documents/myproject/yii/yii-1.1.29/framework/web/CController.php(308): CInlineAction->runWithParams(Array)
#10 /Users/salmanalfarissy/Documents/myproject/yii/yii-1.1.29/framework/web/CController.php(286): CController->runAction(Object(CInlineAction))
#11 /Users/salmanalfarissy/Documents/myproject/yii/yii-1.1.29/framework/web/CController.php(265): CController->runActionWithFilters(Object(CInlineAction), Array)
#12 /Users/salmanalfarissy/Documents/myproject/yii/yii-1.1.29/framework/web/CWebApplication.php(282): CController->run('index')
#13 /Users/salmanalfarissy/Documents/myproject/yii/yii-1.1.29/framework/web/CWebApplication.php(141): CWebApplication->runController('gii/model/index')
#14 /Users/salmanalfarissy/Documents/myproject/yii/yii-1.1.29/framework/base/CApplication.php(185): CWebApplication->processRequest()
#15 /Users/salmanalfarissy/Documents/myproject/yii/e-klinik/index.php(13): CApplication->run()
#16 {main}
REQUEST_URI=/index.php?r=gii/model/index
---
2024/06/08 05:34:58 [error] [system.db.CDbCommand] CDbCommand::fetchAll() failed: SQLSTATE[42S02]: Base table or view not found: 1146 Table 'eklinik.tbl_migration' doesn't exist. The SQL statement executed was: SHOW FULL COLUMNS FROM `tbl_migration`.
2024/06/08 06:36:58 [error] [exception.CHttpException.404] CHttpException: Unable to resolve the request "index". in /Users/salmanalfarissy/Documents/myproject/yii/yii-1.1.29/framework/web/CWebApplication.php:286
Stack trace:
#0 /Users/salmanalfarissy/Documents/myproject/yii/yii-1.1.29/framework/web/CWebApplication.php(141): CWebApplication->runController('index')
#1 /Users/salmanalfarissy/Documents/myproject/yii/yii-1.1.29/framework/base/CApplication.php(185): CWebApplication->processRequest()
#2 /Users/salmanalfarissy/Documents/myproject/yii/e-klinik/index.php(13): CApplication->run()
#3 {main}
REQUEST_URI=/index
---
2024/06/08 06:37:13 [error] [exception.CHttpException.404] CHttpException: The requested view "index" was not found. in /Users/salmanalfarissy/Documents/myproject/yii/yii-1.1.29/framework/web/actions/CViewAction.php:111
Stack trace:
#0 /Users/salmanalfarissy/Documents/myproject/yii/yii-1.1.29/framework/web/actions/CViewAction.php(122): CViewAction->resolveView('index')
#1 /Users/salmanalfarissy/Documents/myproject/yii/yii-1.1.29/framework/web/actions/CAction.php(76): CViewAction->run()
#2 /Users/salmanalfarissy/Documents/myproject/yii/yii-1.1.29/framework/web/CController.php(308): CAction->runWithParams(Array)
#3 /Users/salmanalfarissy/Documents/myproject/yii/yii-1.1.29/framework/web/CController.php(286): CController->runAction(Object(CViewAction))
#4 /Users/salmanalfarissy/Documents/myproject/yii/yii-1.1.29/framework/web/CController.php(265): CController->runActionWithFilters(Object(CViewAction), Array)
#5 /Users/salmanalfarissy/Documents/myproject/yii/yii-1.1.29/framework/web/CWebApplication.php(282): CController->run('page')
#6 /Users/salmanalfarissy/Documents/myproject/yii/yii-1.1.29/framework/web/CWebApplication.php(141): CWebApplication->runController('site/page')
#7 /Users/salmanalfarissy/Documents/myproject/yii/yii-1.1.29/framework/base/CApplication.php(185): CWebApplication->processRequest()
#8 /Users/salmanalfarissy/Documents/myproject/yii/e-klinik/index.php(13): CApplication->run()
#9 {main}
REQUEST_URI=/site/page
---
2024/06/08 06:55:24 [error] [exception.CHttpException.404] CHttpException: The system is unable to find the requested action "user". in /Users/salmanalfarissy/Documents/myproject/yii/yii-1.1.29/framework/web/CController.php:486
Stack trace:
#0 /Users/salmanalfarissy/Documents/myproject/yii/yii-1.1.29/framework/web/CController.php(270): CController->missingAction('user')
#1 /Users/salmanalfarissy/Documents/myproject/yii/yii-1.1.29/framework/web/CWebApplication.php(282): CController->run('user')
#2 /Users/salmanalfarissy/Documents/myproject/yii/yii-1.1.29/framework/web/CWebApplication.php(141): CWebApplication->runController('site/user')
#3 /Users/salmanalfarissy/Documents/myproject/yii/yii-1.1.29/framework/base/CApplication.php(185): CWebApplication->processRequest()
#4 /Users/salmanalfarissy/Documents/myproject/yii/e-klinik/index.php(13): CApplication->run()
#5 {main}
REQUEST_URI=/index.php/site/user
---
2024/06/08 07:09:34 [error] [exception.CException] CException: User and its behaviors do not have a method or closure named "isAttributeChanged". in /Users/salmanalfarissy/Documents/myproject/yii/yii-1.1.29/framework/base/CComponent.php:264
Stack trace:
#0 /Users/salmanalfarissy/Documents/myproject/yii/yii-1.1.29/framework/db/ar/CActiveRecord.php(229): CComponent->__call('isAttributeChan...', Array)
#1 /Users/salmanalfarissy/Documents/myproject/yii/e-klinik/protected/models/User.php(49): CActiveRecord->__call('isAttributeChan...', Array)
#2 /Users/salmanalfarissy/Documents/myproject/yii/yii-1.1.29/framework/db/ar/CActiveRecord.php(1125): User->beforeSave()
#3 /Users/salmanalfarissy/Documents/myproject/yii/yii-1.1.29/framework/db/ar/CActiveRecord.php(811): CActiveRecord->update(NULL)
#4 /Users/salmanalfarissy/Documents/myproject/yii/e-klinik/protected/controllers/UserController.php(97): CActiveRecord->save()
#5 [internal function]: UserController->actionUpdate('2')
#6 /Users/salmanalfarissy/Documents/myproject/yii/yii-1.1.29/framework/web/actions/CAction.php(114): ReflectionMethod->invokeArgs(Object(UserController), Array)
#7 /Users/salmanalfarissy/Documents/myproject/yii/yii-1.1.29/framework/web/actions/CInlineAction.php(47): CAction->runWithParamsInternal(Object(UserController), Object(ReflectionMethod), Array)
#8 /Users/salmanalfarissy/Documents/myproject/yii/yii-1.1.29/framework/web/CController.php(308): CInlineAction->runWithParams(Array)
#9 /Users/salmanalfarissy/Documents/myproject/yii/yii-1.1.29/framework/web/filters/CFilterChain.php(134): CController->runAction(Object(CInlineAction))
#10 /Users/salmanalfarissy/Documents/myproject/yii/yii-1.1.29/framework/web/filters/CFilter.php(40): CFilterChain->run()
#11 /Users/salmanalfarissy/Documents/myproject/yii/yii-1.1.29/framework/web/CController.php(1148): CFilter->filter(Object(CFilterChain))
#12 /Users/salmanalfarissy/Documents/myproject/yii/yii-1.1.29/framework/web/filters/CInlineFilter.php(58): CController->filterAccessControl(Object(CFilterChain))
#13 /Users/salmanalfarissy/Documents/myproject/yii/yii-1.1.29/framework/web/filters/CFilterChain.php(131): CInlineFilter->filter(Object(CFilterChain))
#14 /Users/salmanalfarissy/Documents/myproject/yii/yii-1.1.29/framework/web/CController.php(291): CFilterChain->run()
#15 /Users/salmanalfarissy/Documents/myproject/yii/yii-1.1.29/framework/web/CController.php(265): CController->runActionWithFilters(Object(CInlineAction), Array)
#16 /Users/salmanalfarissy/Documents/myproject/yii/yii-1.1.29/framework/web/CWebApplication.php(282): CController->run('update')
#17 /Users/salmanalfarissy/Documents/myproject/yii/yii-1.1.29/framework/web/CWebApplication.php(141): CWebApplication->runController('user/update')
#18 /Users/salmanalfarissy/Documents/myproject/yii/yii-1.1.29/framework/base/CApplication.php(185): CWebApplication->processRequest()
#19 /Users/salmanalfarissy/Documents/myproject/yii/e-klinik/index.php(13): CApplication->run()
#20 {main}
REQUEST_URI=/index.php/user/update/2
HTTP_REFERER=http://localhost:8080/index.php/user/update/2
---
2024/06/08 07:33:14 [error] [exception.CException] CException: User and its behaviors do not have a method or closure named "isAttributeChanged". in /Users/salmanalfarissy/Documents/myproject/yii/yii-1.1.29/framework/base/CComponent.php:264
Stack trace:
#0 /Users/salmanalfarissy/Documents/myproject/yii/yii-1.1.29/framework/db/ar/CActiveRecord.php(229): CComponent->__call('isAttributeChan...', Array)
#1 /Users/salmanalfarissy/Documents/myproject/yii/e-klinik/protected/models/User.php(49): CActiveRecord->__call('isAttributeChan...', Array)
#2 /Users/salmanalfarissy/Documents/myproject/yii/yii-1.1.29/framework/db/ar/CActiveRecord.php(1125): User->beforeSave()
#3 /Users/salmanalfarissy/Documents/myproject/yii/yii-1.1.29/framework/db/ar/CActiveRecord.php(811): CActiveRecord->update(NULL)
#4 /Users/salmanalfarissy/Documents/myproject/yii/e-klinik/protected/controllers/UserController.php(97): CActiveRecord->save()
#5 [internal function]: UserController->actionUpdate('2')
#6 /Users/salmanalfarissy/Documents/myproject/yii/yii-1.1.29/framework/web/actions/CAction.php(114): ReflectionMethod->invokeArgs(Object(UserController), Array)
#7 /Users/salmanalfarissy/Documents/myproject/yii/yii-1.1.29/framework/web/actions/CInlineAction.php(47): CAction->runWithParamsInternal(Object(UserController), Object(ReflectionMethod), Array)
#8 /Users/salmanalfarissy/Documents/myproject/yii/yii-1.1.29/framework/web/CController.php(308): CInlineAction->runWithParams(Array)
#9 /Users/salmanalfarissy/Documents/myproject/yii/yii-1.1.29/framework/web/filters/CFilterChain.php(134): CController->runAction(Object(CInlineAction))
#10 /Users/salmanalfarissy/Documents/myproject/yii/yii-1.1.29/framework/web/filters/CFilter.php(40): CFilterChain->run()
#11 /Users/salmanalfarissy/Documents/myproject/yii/yii-1.1.29/framework/web/CController.php(1148): CFilter->filter(Object(CFilterChain))
#12 /Users/salmanalfarissy/Documents/myproject/yii/yii-1.1.29/framework/web/filters/CInlineFilter.php(58): CController->filterAccessControl(Object(CFilterChain))
#13 /Users/salmanalfarissy/Documents/myproject/yii/yii-1.1.29/framework/web/filters/CFilterChain.php(131): CInlineFilter->filter(Object(CFilterChain))
#14 /Users/salmanalfarissy/Documents/myproject/yii/yii-1.1.29/framework/web/CController.php(291): CFilterChain->run()
#15 /Users/salmanalfarissy/Documents/myproject/yii/yii-1.1.29/framework/web/CController.php(265): CController->runActionWithFilters(Object(CInlineAction), Array)
#16 /Users/salmanalfarissy/Documents/myproject/yii/yii-1.1.29/framework/web/CWebApplication.php(282): CController->run('update')
#17 /Users/salmanalfarissy/Documents/myproject/yii/yii-1.1.29/framework/web/CWebApplication.php(141): CWebApplication->runController('user/update')
#18 /Users/salmanalfarissy/Documents/myproject/yii/yii-1.1.29/framework/base/CApplication.php(185): CWebApplication->processRequest()
#19 /Users/salmanalfarissy/Documents/myproject/yii/e-klinik/index.php(13): CApplication->run()
#20 {main}
REQUEST_URI=/index.php/user/update/2
HTTP_REFERER=http://localhost:8080/index.php/user/update/2
---
2024/06/08 07:38:40 [error] [exception.CException] CException: User and its behaviors do not have a method or closure named "getOldAttribute". in /Users/salmanalfarissy/Documents/myproject/yii/yii-1.1.29/framework/base/CComponent.php:264
Stack trace:
#0 /Users/salmanalfarissy/Documents/myproject/yii/yii-1.1.29/framework/db/ar/CActiveRecord.php(229): CComponent->__call('getOldAttribute', Array)
#1 /Users/salmanalfarissy/Documents/myproject/yii/e-klinik/protected/models/User.php(49): CActiveRecord->__call('getOldAttribute', Array)
#2 /Users/salmanalfarissy/Documents/myproject/yii/yii-1.1.29/framework/db/ar/CActiveRecord.php(1125): User->beforeSave()
#3 /Users/salmanalfarissy/Documents/myproject/yii/yii-1.1.29/framework/db/ar/CActiveRecord.php(811): CActiveRecord->update(NULL)
#4 /Users/salmanalfarissy/Documents/myproject/yii/e-klinik/protected/controllers/UserController.php(97): CActiveRecord->save()
#5 [internal function]: UserController->actionUpdate('2')
#6 /Users/salmanalfarissy/Documents/myproject/yii/yii-1.1.29/framework/web/actions/CAction.php(114): ReflectionMethod->invokeArgs(Object(UserController), Array)
#7 /Users/salmanalfarissy/Documents/myproject/yii/yii-1.1.29/framework/web/actions/CInlineAction.php(47): CAction->runWithParamsInternal(Object(UserController), Object(ReflectionMethod), Array)
#8 /Users/salmanalfarissy/Documents/myproject/yii/yii-1.1.29/framework/web/CController.php(308): CInlineAction->runWithParams(Array)
#9 /Users/salmanalfarissy/Documents/myproject/yii/yii-1.1.29/framework/web/filters/CFilterChain.php(134): CController->runAction(Object(CInlineAction))
#10 /Users/salmanalfarissy/Documents/myproject/yii/yii-1.1.29/framework/web/filters/CFilter.php(40): CFilterChain->run()
#11 /Users/salmanalfarissy/Documents/myproject/yii/yii-1.1.29/framework/web/CController.php(1148): CFilter->filter(Object(CFilterChain))
#12 /Users/salmanalfarissy/Documents/myproject/yii/yii-1.1.29/framework/web/filters/CInlineFilter.php(58): CController->filterAccessControl(Object(CFilterChain))
#13 /Users/salmanalfarissy/Documents/myproject/yii/yii-1.1.29/framework/web/filters/CFilterChain.php(131): CInlineFilter->filter(Object(CFilterChain))
#14 /Users/salmanalfarissy/Documents/myproject/yii/yii-1.1.29/framework/web/CController.php(291): CFilterChain->run()
#15 /Users/salmanalfarissy/Documents/myproject/yii/yii-1.1.29/framework/web/CController.php(265): CController->runActionWithFilters(Object(CInlineAction), Array)
#16 /Users/salmanalfarissy/Documents/myproject/yii/yii-1.1.29/framework/web/CWebApplication.php(282): CController->run('update')
#17 /Users/salmanalfarissy/Documents/myproject/yii/yii-1.1.29/framework/web/CWebApplication.php(141): CWebApplication->runController('user/update')
#18 /Users/salmanalfarissy/Documents/myproject/yii/yii-1.1.29/framework/base/CApplication.php(185): CWebApplication->processRequest()
#19 /Users/salmanalfarissy/Documents/myproject/yii/e-klinik/index.php(13): CApplication->run()
#20 {main}
REQUEST_URI=/index.php/user/update/2
HTTP_REFERER=http://localhost:8080/index.php/user/update/2
---
2024/06/08 07:51:30 [error] [exception.CException] CException: User and its behaviors do not have a method or closure named "isAttributeChanged". in /Users/salmanalfarissy/Documents/myproject/yii/yii-1.1.29/framework/base/CComponent.php:264
Stack trace:
#0 /Users/salmanalfarissy/Documents/myproject/yii/yii-1.1.29/framework/db/ar/CActiveRecord.php(229): CComponent->__call('isAttributeChan...', Array)
#1 /Users/salmanalfarissy/Documents/myproject/yii/e-klinik/protected/models/User.php(44): CActiveRecord->__call('isAttributeChan...', Array)
#2 /Users/salmanalfarissy/Documents/myproject/yii/yii-1.1.29/framework/db/ar/CActiveRecord.php(1125): User->beforeSave()
#3 /Users/salmanalfarissy/Documents/myproject/yii/yii-1.1.29/framework/db/ar/CActiveRecord.php(811): CActiveRecord->update(NULL)
#4 /Users/salmanalfarissy/Documents/myproject/yii/e-klinik/protected/controllers/UserController.php(97): CActiveRecord->save()
#5 [internal function]: UserController->actionUpdate('2')
#6 /Users/salmanalfarissy/Documents/myproject/yii/yii-1.1.29/framework/web/actions/CAction.php(114): ReflectionMethod->invokeArgs(Object(UserController), Array)
#7 /Users/salmanalfarissy/Documents/myproject/yii/yii-1.1.29/framework/web/actions/CInlineAction.php(47): CAction->runWithParamsInternal(Object(UserController), Object(ReflectionMethod), Array)
#8 /Users/salmanalfarissy/Documents/myproject/yii/yii-1.1.29/framework/web/CController.php(308): CInlineAction->runWithParams(Array)
#9 /Users/salmanalfarissy/Documents/myproject/yii/yii-1.1.29/framework/web/filters/CFilterChain.php(134): CController->runAction(Object(CInlineAction))
#10 /Users/salmanalfarissy/Documents/myproject/yii/yii-1.1.29/framework/web/filters/CFilter.php(40): CFilterChain->run()
#11 /Users/salmanalfarissy/Documents/myproject/yii/yii-1.1.29/framework/web/CController.php(1148): CFilter->filter(Object(CFilterChain))
#12 /Users/salmanalfarissy/Documents/myproject/yii/yii-1.1.29/framework/web/filters/CInlineFilter.php(58): CController->filterAccessControl(Object(CFilterChain))
#13 /Users/salmanalfarissy/Documents/myproject/yii/yii-1.1.29/framework/web/filters/CFilterChain.php(131): CInlineFilter->filter(Object(CFilterChain))
#14 /Users/salmanalfarissy/Documents/myproject/yii/yii-1.1.29/framework/web/CController.php(291): CFilterChain->run()
#15 /Users/salmanalfarissy/Documents/myproject/yii/yii-1.1.29/framework/web/CController.php(265): CController->runActionWithFilters(Object(CInlineAction), Array)
#16 /Users/salmanalfarissy/Documents/myproject/yii/yii-1.1.29/framework/web/CWebApplication.php(282): CController->run('update')
#17 /Users/salmanalfarissy/Documents/myproject/yii/yii-1.1.29/framework/web/CWebApplication.php(141): CWebApplication->runController('user/update')
#18 /Users/salmanalfarissy/Documents/myproject/yii/yii-1.1.29/framework/base/CApplication.php(185): CWebApplication->processRequest()
#19 /Users/salmanalfarissy/Documents/myproject/yii/e-klinik/index.php(13): CApplication->run()
#20 {main}
REQUEST_URI=/index.php/user/update/2
HTTP_REFERER=http://localhost:8080/index.php/user/update/2
---
2024/06/08 07:51:56 [error] [exception.CException] CException: User and its behaviors do not have a method or closure named "isAttributeChanged". in /Users/salmanalfarissy/Documents/myproject/yii/yii-1.1.29/framework/base/CComponent.php:264
Stack trace:
#0 /Users/salmanalfarissy/Documents/myproject/yii/yii-1.1.29/framework/db/ar/CActiveRecord.php(229): CComponent->__call('isAttributeChan...', Array)
#1 /Users/salmanalfarissy/Documents/myproject/yii/e-klinik/protected/models/User.php(44): CActiveRecord->__call('isAttributeChan...', Array)
#2 /Users/salmanalfarissy/Documents/myproject/yii/yii-1.1.29/framework/db/ar/CActiveRecord.php(1125): User->beforeSave()
#3 /Users/salmanalfarissy/Documents/myproject/yii/yii-1.1.29/framework/db/ar/CActiveRecord.php(811): CActiveRecord->update(NULL)
#4 /Users/salmanalfarissy/Documents/myproject/yii/e-klinik/protected/controllers/UserController.php(97): CActiveRecord->save()
#5 [internal function]: UserController->actionUpdate('2')
#6 /Users/salmanalfarissy/Documents/myproject/yii/yii-1.1.29/framework/web/actions/CAction.php(114): ReflectionMethod->invokeArgs(Object(UserController), Array)
#7 /Users/salmanalfarissy/Documents/myproject/yii/yii-1.1.29/framework/web/actions/CInlineAction.php(47): CAction->runWithParamsInternal(Object(UserController), Object(ReflectionMethod), Array)
#8 /Users/salmanalfarissy/Documents/myproject/yii/yii-1.1.29/framework/web/CController.php(308): CInlineAction->runWithParams(Array)
#9 /Users/salmanalfarissy/Documents/myproject/yii/yii-1.1.29/framework/web/filters/CFilterChain.php(134): CController->runAction(Object(CInlineAction))
#10 /Users/salmanalfarissy/Documents/myproject/yii/yii-1.1.29/framework/web/filters/CFilter.php(40): CFilterChain->run()
#11 /Users/salmanalfarissy/Documents/myproject/yii/yii-1.1.29/framework/web/CController.php(1148): CFilter->filter(Object(CFilterChain))
#12 /Users/salmanalfarissy/Documents/myproject/yii/yii-1.1.29/framework/web/filters/CInlineFilter.php(58): CController->filterAccessControl(Object(CFilterChain))
#13 /Users/salmanalfarissy/Documents/myproject/yii/yii-1.1.29/framework/web/filters/CFilterChain.php(131): CInlineFilter->filter(Object(CFilterChain))
#14 /Users/salmanalfarissy/Documents/myproject/yii/yii-1.1.29/framework/web/CController.php(291): CFilterChain->run()
#15 /Users/salmanalfarissy/Documents/myproject/yii/yii-1.1.29/framework/web/CController.php(265): CController->runActionWithFilters(Object(CInlineAction), Array)
#16 /Users/salmanalfarissy/Documents/myproject/yii/yii-1.1.29/framework/web/CWebApplication.php(282): CController->run('update')
#17 /Users/salmanalfarissy/Documents/myproject/yii/yii-1.1.29/framework/web/CWebApplication.php(141): CWebApplication->runController('user/update')
#18 /Users/salmanalfarissy/Documents/myproject/yii/yii-1.1.29/framework/base/CApplication.php(185): CWebApplication->processRequest()
#19 /Users/salmanalfarissy/Documents/myproject/yii/e-klinik/index.php(13): CApplication->run()
#20 {main}
REQUEST_URI=/index.php/user/update/2
HTTP_REFERER=http://localhost:8080/index.php/user/update/2
---
2024/06/08 07:58:35 [error] [exception.CException] CException: User and its behaviors do not have a method or closure named "isAttributeChanged". in /Users/salmanalfarissy/Documents/myproject/yii/yii-1.1.29/framework/base/CComponent.php:264
Stack trace:
#0 /Users/salmanalfarissy/Documents/myproject/yii/yii-1.1.29/framework/db/ar/CActiveRecord.php(229): CComponent->__call('isAttributeChan...', Array)
#1 /Users/salmanalfarissy/Documents/myproject/yii/e-klinik/protected/models/User.php(44): CActiveRecord->__call('isAttributeChan...', Array)
#2 /Users/salmanalfarissy/Documents/myproject/yii/yii-1.1.29/framework/db/ar/CActiveRecord.php(1125): User->beforeSave()
#3 /Users/salmanalfarissy/Documents/myproject/yii/yii-1.1.29/framework/db/ar/CActiveRecord.php(811): CActiveRecord->update(NULL)
#4 /Users/salmanalfarissy/Documents/myproject/yii/e-klinik/protected/controllers/UserController.php(97): CActiveRecord->save()
#5 [internal function]: UserController->actionUpdate('5')
#6 /Users/salmanalfarissy/Documents/myproject/yii/yii-1.1.29/framework/web/actions/CAction.php(114): ReflectionMethod->invokeArgs(Object(UserController), Array)
#7 /Users/salmanalfarissy/Documents/myproject/yii/yii-1.1.29/framework/web/actions/CInlineAction.php(47): CAction->runWithParamsInternal(Object(UserController), Object(ReflectionMethod), Array)
#8 /Users/salmanalfarissy/Documents/myproject/yii/yii-1.1.29/framework/web/CController.php(308): CInlineAction->runWithParams(Array)
#9 /Users/salmanalfarissy/Documents/myproject/yii/yii-1.1.29/framework/web/filters/CFilterChain.php(134): CController->runAction(Object(CInlineAction))
#10 /Users/salmanalfarissy/Documents/myproject/yii/yii-1.1.29/framework/web/filters/CFilter.php(40): CFilterChain->run()
#11 /Users/salmanalfarissy/Documents/myproject/yii/yii-1.1.29/framework/web/CController.php(1148): CFilter->filter(Object(CFilterChain))
#12 /Users/salmanalfarissy/Documents/myproject/yii/yii-1.1.29/framework/web/filters/CInlineFilter.php(58): CController->filterAccessControl(Object(CFilterChain))
#13 /Users/salmanalfarissy/Documents/myproject/yii/yii-1.1.29/framework/web/filters/CFilterChain.php(131): CInlineFilter->filter(Object(CFilterChain))
#14 /Users/salmanalfarissy/Documents/myproject/yii/yii-1.1.29/framework/web/CController.php(291): CFilterChain->run()
#15 /Users/salmanalfarissy/Documents/myproject/yii/yii-1.1.29/framework/web/CController.php(265): CController->runActionWithFilters(Object(CInlineAction), Array)
#16 /Users/salmanalfarissy/Documents/myproject/yii/yii-1.1.29/framework/web/CWebApplication.php(282): CController->run('update')
#17 /Users/salmanalfarissy/Documents/myproject/yii/yii-1.1.29/framework/web/CWebApplication.php(141): CWebApplication->runController('user/update')
#18 /Users/salmanalfarissy/Documents/myproject/yii/yii-1.1.29/framework/base/CApplication.php(185): CWebApplication->processRequest()
#19 /Users/salmanalfarissy/Documents/myproject/yii/e-klinik/index.php(13): CApplication->run()
#20 {main}
REQUEST_URI=/index.php/user/update/5
HTTP_REFERER=http://localhost:8080/index.php/user/update/5
---
2024/06/08 08:11:56 [error] [exception.CException] CException: User and its behaviors do not have a method or closure named "validatePassword". in /Users/salmanalfarissy/Documents/myproject/yii/yii-1.1.29/framework/base/CComponent.php:264
Stack trace:
#0 /Users/salmanalfarissy/Documents/myproject/yii/yii-1.1.29/framework/db/ar/CActiveRecord.php(229): CComponent->__call('validatePasswor...', Array)
#1 /Users/salmanalfarissy/Documents/myproject/yii/e-klinik/protected/components/UserIdentity.php(24): CActiveRecord->__call('validatePasswor...', Array)
#2 /Users/salmanalfarissy/Documents/myproject/yii/e-klinik/protected/models/LoginForm.php(54): UserIdentity->authenticate()
#3 /Users/salmanalfarissy/Documents/myproject/yii/yii-1.1.29/framework/validators/CInlineValidator.php(42): LoginForm->authenticate('password', Array)
#4 /Users/salmanalfarissy/Documents/myproject/yii/yii-1.1.29/framework/validators/CValidator.php(201): CInlineValidator->validateAttribute(Object(LoginForm), 'password')
#5 /Users/salmanalfarissy/Documents/myproject/yii/yii-1.1.29/framework/base/CModel.php(159): CValidator->validate(Object(LoginForm), Array)
#6 /Users/salmanalfarissy/Documents/myproject/yii/e-klinik/protected/controllers/SiteController.php(94): CModel->validate()
#7 /Users/salmanalfarissy/Documents/myproject/yii/yii-1.1.29/framework/web/actions/CInlineAction.php(49): SiteController->actionLogin()
#8 /Users/salmanalfarissy/Documents/myproject/yii/yii-1.1.29/framework/web/CController.php(308): CInlineAction->runWithParams(Array)
#9 /Users/salmanalfarissy/Documents/myproject/yii/yii-1.1.29/framework/web/CController.php(286): CController->runAction(Object(CInlineAction))
#10 /Users/salmanalfarissy/Documents/myproject/yii/yii-1.1.29/framework/web/CController.php(265): CController->runActionWithFilters(Object(CInlineAction), Array)
#11 /Users/salmanalfarissy/Documents/myproject/yii/yii-1.1.29/framework/web/CWebApplication.php(282): CController->run('login')
#12 /Users/salmanalfarissy/Documents/myproject/yii/yii-1.1.29/framework/web/CWebApplication.php(141): CWebApplication->runController('site/login')
#13 /Users/salmanalfarissy/Documents/myproject/yii/yii-1.1.29/framework/base/CApplication.php(185): CWebApplication->processRequest()
#14 /Users/salmanalfarissy/Documents/myproject/yii/e-klinik/index.php(13): CApplication->run()
#15 {main}
REQUEST_URI=/index.php/site/login
HTTP_REFERER=http://localhost:8080/index.php/site/login
---
2024/06/08 08:12:21 [error] [exception.CException] CException: User and its behaviors do not have a method or closure named "validatePassword". in /Users/salmanalfarissy/Documents/myproject/yii/yii-1.1.29/framework/base/CComponent.php:264
Stack trace:
#0 /Users/salmanalfarissy/Documents/myproject/yii/yii-1.1.29/framework/db/ar/CActiveRecord.php(229): CComponent->__call('validatePasswor...', Array)
#1 /Users/salmanalfarissy/Documents/myproject/yii/e-klinik/protected/components/UserIdentity.php(24): CActiveRecord->__call('validatePasswor...', Array)
#2 /Users/salmanalfarissy/Documents/myproject/yii/e-klinik/protected/models/LoginForm.php(54): UserIdentity->authenticate()
#3 /Users/salmanalfarissy/Documents/myproject/yii/yii-1.1.29/framework/validators/CInlineValidator.php(42): LoginForm->authenticate('password', Array)
#4 /Users/salmanalfarissy/Documents/myproject/yii/yii-1.1.29/framework/validators/CValidator.php(201): CInlineValidator->validateAttribute(Object(LoginForm), 'password')
#5 /Users/salmanalfarissy/Documents/myproject/yii/yii-1.1.29/framework/base/CModel.php(159): CValidator->validate(Object(LoginForm), Array)
#6 /Users/salmanalfarissy/Documents/myproject/yii/e-klinik/protected/controllers/SiteController.php(94): CModel->validate()
#7 /Users/salmanalfarissy/Documents/myproject/yii/yii-1.1.29/framework/web/actions/CInlineAction.php(49): SiteController->actionLogin()
#8 /Users/salmanalfarissy/Documents/myproject/yii/yii-1.1.29/framework/web/CController.php(308): CInlineAction->runWithParams(Array)
#9 /Users/salmanalfarissy/Documents/myproject/yii/yii-1.1.29/framework/web/CController.php(286): CController->runAction(Object(CInlineAction))
#10 /Users/salmanalfarissy/Documents/myproject/yii/yii-1.1.29/framework/web/CController.php(265): CController->runActionWithFilters(Object(CInlineAction), Array)
#11 /Users/salmanalfarissy/Documents/myproject/yii/yii-1.1.29/framework/web/CWebApplication.php(282): CController->run('login')
#12 /Users/salmanalfarissy/Documents/myproject/yii/yii-1.1.29/framework/web/CWebApplication.php(141): CWebApplication->runController('site/login')
#13 /Users/salmanalfarissy/Documents/myproject/yii/yii-1.1.29/framework/base/CApplication.php(185): CWebApplication->processRequest()
#14 /Users/salmanalfarissy/Documents/myproject/yii/e-klinik/index.php(13): CApplication->run()
#15 {main}
REQUEST_URI=/index.php/site/login
HTTP_REFERER=http://localhost:8080/index.php/site/login
---
2024/06/08 08:13:37 [error] [exception.CException] CException: User and its behaviors do not have a method or closure named "validatePassword". in /Users/salmanalfarissy/Documents/myproject/yii/yii-1.1.29/framework/base/CComponent.php:264
Stack trace:
#0 /Users/salmanalfarissy/Documents/myproject/yii/yii-1.1.29/framework/db/ar/CActiveRecord.php(229): CComponent->__call('validatePasswor...', Array)
#1 /Users/salmanalfarissy/Documents/myproject/yii/e-klinik/protected/components/UserIdentity.php(24): CActiveRecord->__call('validatePasswor...', Array)
#2 /Users/salmanalfarissy/Documents/myproject/yii/e-klinik/protected/models/LoginForm.php(54): UserIdentity->authenticate()
#3 /Users/salmanalfarissy/Documents/myproject/yii/yii-1.1.29/framework/validators/CInlineValidator.php(42): LoginForm->authenticate('password', Array)
#4 /Users/salmanalfarissy/Documents/myproject/yii/yii-1.1.29/framework/validators/CValidator.php(201): CInlineValidator->validateAttribute(Object(LoginForm), 'password')
#5 /Users/salmanalfarissy/Documents/myproject/yii/yii-1.1.29/framework/base/CModel.php(159): CValidator->validate(Object(LoginForm), Array)
#6 /Users/salmanalfarissy/Documents/myproject/yii/e-klinik/protected/controllers/SiteController.php(94): CModel->validate()
#7 /Users/salmanalfarissy/Documents/myproject/yii/yii-1.1.29/framework/web/actions/CInlineAction.php(49): SiteController->actionLogin()
#8 /Users/salmanalfarissy/Documents/myproject/yii/yii-1.1.29/framework/web/CController.php(308): CInlineAction->runWithParams(Array)
#9 /Users/salmanalfarissy/Documents/myproject/yii/yii-1.1.29/framework/web/CController.php(286): CController->runAction(Object(CInlineAction))
#10 /Users/salmanalfarissy/Documents/myproject/yii/yii-1.1.29/framework/web/CController.php(265): CController->runActionWithFilters(Object(CInlineAction), Array)
#11 /Users/salmanalfarissy/Documents/myproject/yii/yii-1.1.29/framework/web/CWebApplication.php(282): CController->run('login')
#12 /Users/salmanalfarissy/Documents/myproject/yii/yii-1.1.29/framework/web/CWebApplication.php(141): CWebApplication->runController('site/login')
#13 /Users/salmanalfarissy/Documents/myproject/yii/yii-1.1.29/framework/base/CApplication.php(185): CWebApplication->processRequest()
#14 /Users/salmanalfarissy/Documents/myproject/yii/e-klinik/index.php(13): CApplication->run()
#15 {main}
REQUEST_URI=/index.php/site/login
HTTP_REFERER=http://localhost:8080/index.php/site/login
---
2024/06/08 08:17:34 [error] [exception.CException] CException: User and its behaviors do not have a method or closure named "getOldAttribute". in /Users/salmanalfarissy/Documents/myproject/yii/yii-1.1.29/framework/base/CComponent.php:264
Stack trace:
#0 /Users/salmanalfarissy/Documents/myproject/yii/yii-1.1.29/framework/db/ar/CActiveRecord.php(229): CComponent->__call('getOldAttribute', Array)
#1 /Users/salmanalfarissy/Documents/myproject/yii/e-klinik/protected/models/User.php(65): CActiveRecord->__call('getOldAttribute', Array)
#2 /Users/salmanalfarissy/Documents/myproject/yii/yii-1.1.29/framework/db/ar/CActiveRecord.php(1125): User->beforeSave()
#3 /Users/salmanalfarissy/Documents/myproject/yii/yii-1.1.29/framework/db/ar/CActiveRecord.php(811): CActiveRecord->update(NULL)
#4 /Users/salmanalfarissy/Documents/myproject/yii/e-klinik/protected/controllers/UserController.php(97): CActiveRecord->save()
#5 [internal function]: UserController->actionUpdate('2')
#6 /Users/salmanalfarissy/Documents/myproject/yii/yii-1.1.29/framework/web/actions/CAction.php(114): ReflectionMethod->invokeArgs(Object(UserController), Array)
#7 /Users/salmanalfarissy/Documents/myproject/yii/yii-1.1.29/framework/web/actions/CInlineAction.php(47): CAction->runWithParamsInternal(Object(UserController), Object(ReflectionMethod), Array)
#8 /Users/salmanalfarissy/Documents/myproject/yii/yii-1.1.29/framework/web/CController.php(308): CInlineAction->runWithParams(Array)
#9 /Users/salmanalfarissy/Documents/myproject/yii/yii-1.1.29/framework/web/filters/CFilterChain.php(134): CController->runAction(Object(CInlineAction))
#10 /Users/salmanalfarissy/Documents/myproject/yii/yii-1.1.29/framework/web/filters/CFilter.php(40): CFilterChain->run()
#11 /Users/salmanalfarissy/Documents/myproject/yii/yii-1.1.29/framework/web/CController.php(1148): CFilter->filter(Object(CFilterChain))
#12 /Users/salmanalfarissy/Documents/myproject/yii/yii-1.1.29/framework/web/filters/CInlineFilter.php(58): CController->filterAccessControl(Object(CFilterChain))
#13 /Users/salmanalfarissy/Documents/myproject/yii/yii-1.1.29/framework/web/filters/CFilterChain.php(131): CInlineFilter->filter(Object(CFilterChain))
#14 /Users/salmanalfarissy/Documents/myproject/yii/yii-1.1.29/framework/web/CController.php(291): CFilterChain->run()
#15 /Users/salmanalfarissy/Documents/myproject/yii/yii-1.1.29/framework/web/CController.php(265): CController->runActionWithFilters(Object(CInlineAction), Array)
#16 /Users/salmanalfarissy/Documents/myproject/yii/yii-1.1.29/framework/web/CWebApplication.php(282): CController->run('update')
#17 /Users/salmanalfarissy/Documents/myproject/yii/yii-1.1.29/framework/web/CWebApplication.php(141): CWebApplication->runController('user/update')
#18 /Users/salmanalfarissy/Documents/myproject/yii/yii-1.1.29/framework/base/CApplication.php(185): CWebApplication->processRequest()
#19 /Users/salmanalfarissy/Documents/myproject/yii/e-klinik/index.php(13): CApplication->run()
#20 {main}
REQUEST_URI=/index.php/user/update/2
HTTP_REFERER=http://localhost:8080/index.php/user/update/2
---
2024/06/08 08:25:00 [error] [exception.CException] CException: User and its behaviors do not have a method or closure named "isModified". in /Users/salmanalfarissy/Documents/myproject/yii/yii-1.1.29/framework/base/CComponent.php:264
Stack trace:
#0 /Users/salmanalfarissy/Documents/myproject/yii/yii-1.1.29/framework/db/ar/CActiveRecord.php(229): CComponent->__call('isModified', Array)
#1 /Users/salmanalfarissy/Documents/myproject/yii/e-klinik/protected/models/User.php(64): CActiveRecord->__call('isModified', Array)
#2 /Users/salmanalfarissy/Documents/myproject/yii/yii-1.1.29/framework/db/ar/CActiveRecord.php(1125): User->beforeSave()
#3 /Users/salmanalfarissy/Documents/myproject/yii/yii-1.1.29/framework/db/ar/CActiveRecord.php(811): CActiveRecord->update(NULL)
#4 /Users/salmanalfarissy/Documents/myproject/yii/e-klinik/protected/controllers/UserController.php(97): CActiveRecord->save()
#5 [internal function]: UserController->actionUpdate('4')
#6 /Users/salmanalfarissy/Documents/myproject/yii/yii-1.1.29/framework/web/actions/CAction.php(114): ReflectionMethod->invokeArgs(Object(UserController), Array)
#7 /Users/salmanalfarissy/Documents/myproject/yii/yii-1.1.29/framework/web/actions/CInlineAction.php(47): CAction->runWithParamsInternal(Object(UserController), Object(ReflectionMethod), Array)
#8 /Users/salmanalfarissy/Documents/myproject/yii/yii-1.1.29/framework/web/CController.php(308): CInlineAction->runWithParams(Array)
#9 /Users/salmanalfarissy/Documents/myproject/yii/yii-1.1.29/framework/web/filters/CFilterChain.php(134): CController->runAction(Object(CInlineAction))
#10 /Users/salmanalfarissy/Documents/myproject/yii/yii-1.1.29/framework/web/filters/CFilter.php(40): CFilterChain->run()
#11 /Users/salmanalfarissy/Documents/myproject/yii/yii-1.1.29/framework/web/CController.php(1148): CFilter->filter(Object(CFilterChain))
#12 /Users/salmanalfarissy/Documents/myproject/yii/yii-1.1.29/framework/web/filters/CInlineFilter.php(58): CController->filterAccessControl(Object(CFilterChain))
#13 /Users/salmanalfarissy/Documents/myproject/yii/yii-1.1.29/framework/web/filters/CFilterChain.php(131): CInlineFilter->filter(Object(CFilterChain))
#14 /Users/salmanalfarissy/Documents/myproject/yii/yii-1.1.29/framework/web/CController.php(291): CFilterChain->run()
#15 /Users/salmanalfarissy/Documents/myproject/yii/yii-1.1.29/framework/web/CController.php(265): CController->runActionWithFilters(Object(CInlineAction), Array)
#16 /Users/salmanalfarissy/Documents/myproject/yii/yii-1.1.29/framework/web/CWebApplication.php(282): CController->run('update')
#17 /Users/salmanalfarissy/Documents/myproject/yii/yii-1.1.29/framework/web/CWebApplication.php(141): CWebApplication->runController('user/update')
#18 /Users/salmanalfarissy/Documents/myproject/yii/yii-1.1.29/framework/base/CApplication.php(185): CWebApplication->processRequest()
#19 /Users/salmanalfarissy/Documents/myproject/yii/e-klinik/index.php(13): CApplication->run()
#20 {main}
REQUEST_URI=/index.php/user/update/4
HTTP_REFERER=http://localhost:8080/index.php/user/update/4
---
